0 info it worked if it ends with ok
1 verbose cli [ '/usr/local/bin/node',
1 verbose cli   '/usr/local/bin/npm',
1 verbose cli   'start',
1 verbose cli   '--',
1 verbose cli   '--reset-cache' ]
2 info using npm@3.10.10
3 info using node@v6.10.2
4 verbose run-script [ 'prestart', 'start', 'poststart' ]
5 info lifecycle tech_stack@0.0.1~prestart: tech_stack@0.0.1
6 silly lifecycle tech_stack@0.0.1~prestart: no script for prestart, continuing
7 info lifecycle tech_stack@0.0.1~start: tech_stack@0.0.1
8 verbose lifecycle tech_stack@0.0.1~start: unsafe-perm in lifecycle true
9 verbose lifecycle tech_stack@0.0.1~start: PATH: /usr/local/lib/node_modules/npm/bin/node-gyp-bin:/Users/sky/git/tech_stack/node_modules/.bin:/usr/local/apache-maven/apache-maven-3.3.3/bin:/usr/local/bin:/usr/bin:/bin:/usr/sbin:/sbin:/usr/local/mysql-5.6.20-osx10.8-x86_64/bin:/usr/local/sit/glassfish4/bin:/usr/local/eclipse
10 verbose lifecycle tech_stack@0.0.1~start: CWD: /Users/sky/git/tech_stack
11 silly lifecycle tech_stack@0.0.1~start: Args: [ '-c',
11 silly lifecycle   'node node_modules/react-native/local-cli/cli.js start "--reset-cache"' ]
12 silly lifecycle tech_stack@0.0.1~start: Returned: code: 11  signal: null
13 info lifecycle tech_stack@0.0.1~start: Failed to exec start script
14 verbose stack Error: tech_stack@0.0.1 start: `node node_modules/react-native/local-cli/cli.js start "--reset-cache"`
14 verbose stack Exit status 11
14 verbose stack     at EventEmitter.<anonymous> (/usr/local/lib/node_modules/npm/lib/utils/lifecycle.js:255:16)
14 verbose stack     at emitTwo (events.js:106:13)
14 verbose stack     at EventEmitter.emit (events.js:191:7)
14 verbose stack     at ChildProcess.<anonymous> (/usr/local/lib/node_modules/npm/lib/utils/spawn.js:40:14)
14 verbose stack     at emitTwo (events.js:106:13)
14 verbose stack     at ChildProcess.emit (events.js:191:7)
14 verbose stack     at maybeClose (internal/child_process.js:886:16)
14 verbose stack     at Process.ChildProcess._handle.onexit (internal/child_process.js:226:5)
15 verbose pkgid tech_stack@0.0.1
16 verbose cwd /Users/sky/git/tech_stack
17 error Darwin 16.6.0
18 error argv "/usr/local/bin/node" "/usr/local/bin/npm" "start" "--" "--reset-cache"
19 error node v6.10.2
20 error npm  v3.10.10
21 error code ELIFECYCLE
22 error tech_stack@0.0.1 start: `node node_modules/react-native/local-cli/cli.js start "--reset-cache"`
22 error Exit status 11
23 error Failed at the tech_stack@0.0.1 start script 'node node_modules/react-native/local-cli/cli.js start "--reset-cache"'.
23 error Make sure you have the latest version of node.js and npm installed.
23 error If you do, this is most likely a problem with the tech_stack package,
23 error not with npm itself.
23 error Tell the author that this fails on your system:
23 error     node node_modules/react-native/local-cli/cli.js start "--reset-cache"
23 error You can get information on how to open an issue for this project with:
23 error     npm bugs tech_stack
23 error Or if that isn't available, you can get their info via:
23 error     npm owner ls tech_stack
23 error There is likely additional logging output above.
24 verbose exit [ 1, true ]
